0 info it worked if it ends with ok
1 verbose cli [ '/usr/bin/node', '/usr/bin/npm', 'run', 'watch' ]
2 info using npm@3.5.2
3 info using node@v8.10.0
4 verbose run-script [ 'prewatch', 'watch', 'postwatch' ]
5 info lifecycle jupyter-leaflet@0.9.2~prewatch: jupyter-leaflet@0.9.2
6 silly lifecycle jupyter-leaflet@0.9.2~prewatch: no script for prewatch, continuing
7 info lifecycle jupyter-leaflet@0.9.2~watch: jupyter-leaflet@0.9.2
8 verbose lifecycle jupyter-leaflet@0.9.2~watch: unsafe-perm in lifecycle true
9 verbose lifecycle jupyter-leaflet@0.9.2~watch: PATH: /usr/share/npm/bin/node-gyp-bin:/home/vasa/dev/vasavan/ipyleaflet/js/node_modules/.bin:/home/vasa/miniconda3/envs/test/bin:/opt/ThirdParty-6/platforms/linux64Gcc/gperftools-svn/bin:/opt/paraviewopenfoam56/bin:/home/vasa/OpenFOAM/vasa-6/platforms/linux64GccDPInt32Opt/bin:/opt/site/6/platforms/linux64GccDPInt32Opt/bin:/opt/openfoam6/platforms/linux64GccDPInt32Opt/bin:/opt/openfoam6/bin:/opt/openfoam6/wmake:/home/vasa/miniconda3/bin:/usr/local/sbin:/usr/local/bin:/usr/sbin:/usr/bin:/sbin:/bin:/usr/games:/usr/local/games:/snap/bin:/home/vasa/Desktop/Matlab/install/bin:/builds/deb/bin/
10 verbose lifecycle jupyter-leaflet@0.9.2~watch: CWD: /home/vasa/dev/vasavan/ipyleaflet/js
11 silly lifecycle jupyter-leaflet@0.9.2~watch: Args: [ '-c', 'webpack --watch --mode=development' ]
12 silly lifecycle jupyter-leaflet@0.9.2~watch: Returned: code: 1  signal: null
13 info lifecycle jupyter-leaflet@0.9.2~watch: Failed to exec watch script
14 verbose stack Error: jupyter-leaflet@0.9.2 watch: `webpack --watch --mode=development`
14 verbose stack Exit status 1
14 verbose stack     at EventEmitter.<anonymous> (/usr/share/npm/lib/utils/lifecycle.js:232:16)
14 verbose stack     at emitTwo (events.js:126:13)
14 verbose stack     at EventEmitter.emit (events.js:214:7)
14 verbose stack     at ChildProcess.<anonymous> (/usr/share/npm/lib/utils/spawn.js:24:14)
14 verbose stack     at emitTwo (events.js:126:13)
14 verbose stack     at ChildProcess.emit (events.js:214:7)
14 verbose stack     at maybeClose (internal/child_process.js:925:16)
14 verbose stack     at Process.ChildProcess._handle.onexit (internal/child_process.js:209:5)
15 verbose pkgid jupyter-leaflet@0.9.2
16 verbose cwd /home/vasa/dev/vasavan/ipyleaflet/js
17 error Linux 4.15.0-45-generic
18 error argv "/usr/bin/node" "/usr/bin/npm" "run" "watch"
19 error node v8.10.0
20 error npm  v3.5.2
21 error code ELIFECYCLE
22 error jupyter-leaflet@0.9.2 watch: `webpack --watch --mode=development`
22 error Exit status 1
23 error Failed at the jupyter-leaflet@0.9.2 watch script 'webpack --watch --mode=development'.
23 error Make sure you have the latest version of node.js and npm installed.
23 error If you do, this is most likely a problem with the jupyter-leaflet package,
23 error not with npm itself.
23 error Tell the author that this fails on your system:
23 error     webpack --watch --mode=development
23 error You can get information on how to open an issue for this project with:
23 error     npm bugs jupyter-leaflet
23 error Or if that isn't available, you can get their info via:
23 error     npm owner ls jupyter-leaflet
23 error There is likely additional logging output above.
24 verbose exit [ 1, true ]
